<?xml version="1.0" encoding="UTF-8"?>
<testsuite name="tdd.locker.LockerTest" tests="1" skipped="0" failures="0" errors="0" timestamp="2020-07-05T15:11:27" hostname="CNzhongyuran" time="0.015">
  <properties/>
  <testcase name="test()" classname="tdd.locker.LockerTest" time="0.015"/>
  <system-out><![CDATA[]]></system-out>
  <system-err><![CDATA[]]></system-err>
</testsuite>
