<?xml version="1.0" encoding="UTF-8"?>
<testsuite name="tdd.locker.LockerTest" tests="2" skipped="0" failures="0" errors="0" timestamp="2020-07-05T15:18:41" hostname="CNzhongyuran" time="0.014">
  <properties/>
  <testcase name="should_throw_full_exception_when_store_when_SLocker_has_no_capacity()" classname="tdd.locker.LockerTest" time="0.013"/>
  <testcase name="should_return_STicket_when_store_given_SLocker_has_capacity()" classname="tdd.locker.LockerTest" time="0.001"/>
  <system-out><![CDATA[]]></system-out>
  <system-err><![CDATA[]]></system-err>
</testsuite>
